#
# There is insufficient memory for the Java Runtime Environment to continue.
# Native memory allocation (mmap) failed to map 534773760 bytes for Failed to commit area from 0x0000000602200000 to 0x0000000622000000 of length 534773760.
# Possible reasons:
#   The system is out of physical RAM or swap space
#   The process is running with CompressedOops enabled, and the Java Heap may be blocking the growth of the native heap
# Possible solutions:
#   Reduce memory load on the system
#   Increase physical memory or swap space
#   Check if swap backing store is full
#   Decrease Java heap size (-Xmx/-Xms)
#   Decrease number of Java threads
#   Decrease Java thread stack sizes (-Xss)
#   Set larger code cache with -XX:ReservedCodeCacheSize=
# This output file may be truncated or incomplete.
#
#  Out of Memory Error (./src/hotspot/os/windows/os_windows.cpp:3387), pid=56544, tid=56400
#
# JRE version:  (11.0.14.1+1) (build )
# Java VM: OpenJDK 64-Bit Server VM (11.0.14.1+1, mixed mode, sharing, tiered, compressed oops, g1 gc, windows-amd64)
# No core dump will be written. Minidumps are not enabled by default on client versions of Windows
#

---------------  S U M M A R Y ------------

Command Line: -Dcom.android.sdkmanager.toolsdir=D:\programming\Unity Hub\2021.3.42f1\Editor\Data\PlaybackEngines\AndroidPlayer\SDK\cmdline-tools\6.0\bin\\.. com.android.sdklib.tool.AvdManagerCli list target -c

Host: 12th Gen Intel(R) Core(TM) i5-12600KF, 16 cores, 31G,  Windows 11 , 64 bit Build 22621 (10.0.22621.4391)
Time: Mon Jan 20 22:47:47 2025 대한민국 표준시 elapsed time: 0.005353 seconds (0d 0h 0m 0s)

---------------  T H R E A D  ---------------

Current thread (0x000001d74f650000):  JavaThread "Unknown thread" [_thread_in_vm, id=56400, stack(0x0000004f97a00000,0x0000004f97b00000)]

Stack: [0x0000004f97a00000,0x0000004f97b00000]
Native frames: (J=compiled Java code, j=interpreted, Vv=VM code, C=native code)
V  [jvm.dll+0x61e59a]
V  [jvm.dll+0x7aaca9]
V  [jvm.dll+0x7ac398]
V  [jvm.dll+0x7aca73]
V  [jvm.dll+0x24f9b8]
V  [jvm.dll+0x61b83a]
V  [jvm.dll+0x6100c5]
V  [jvm.dll+0x30772c]
V  [jvm.dll+0x3075b2]
V  [jvm.dll+0x30c2d6]
V  [jvm.dll+0x35272f]
V  [jvm.dll+0x352160]
V  [jvm.dll+0x2e4728]
V  [jvm.dll+0x2e5886]
V  [jvm.dll+0x784b07]
V  [jvm.dll+0x78628f]
V  [jvm.dll+0x35f479]
V  [jvm.dll+0x767aa0]
V  [jvm.dll+0x3ccf1f]
V  [jvm.dll+0x3cf2b1]
C  [jli.dll+0x5207]
C  [ucrtbase.dll+0x29333]
C  [KERNEL32.DLL+0x1259d]
C  [ntdll.dll+0x5af38]


---------------  P R O C E S S  ---------------

Threads class SMR info:
_java_thread_list=0x000001d74f368e70, length=0, elements={
}

Java Threads: ( => current thread )

Other Threads:
  0x000001d74f668000 GCTaskThread "GC Thread#0" [stack: 0x0000004f97b00000,0x0000004f97c00000] [id=56992]
  0x000001d74f6ec800 ConcurrentGCThread "G1 Main Marker" [stack: 0x0000004f97c00000,0x0000004f97d00000] [id=57520]
  0x000001d74f6ee000 ConcurrentGCThread "G1 Conc#0" [stack: 0x0000004f97d00000,0x0000004f97e00000] [id=59384]

[error occurred during error reporting (printing all threads), id 0xc0000005, EXCEPTION_ACCESS_VIOLATION (0xc0000005) at pc=0x00007ff984a33ef7]

VM state:not at safepoint (not fully initialized)

VM Mutex/Monitor currently owned by a thread:  ([mutex/lock_event])
[0x000001d74f64c2b0] Heap_lock - owner thread: 0x000001d74f650000

Heap address: 0x0000000602200000, size: 8158 MB, Compressed Oops mode: Non-zero based: 0x0000000602200000
Narrow klass base: 0x0000000000000000, Narrow klass shift: 0

GC Heap History (0 events):
No events

Deoptimization events (0 events):
No events

Classes redefined (0 events):
No events

Internal exceptions (0 events):
No events

Events (1 events):
Event: 0.004 Loaded shared library D:\programming\Unity Hub\2021.3.42f1\Editor\Data\PlaybackEngines\AndroidPlayer\OpenJDK\bin\zip.dll


Dynamic libraries:
0x00007ff70e790000 - 0x00007ff70e79d000 	D:\programming\Unity Hub\2021.3.42f1\Editor\Data\PlaybackEngines\AndroidPlayer\OpenJDK\bin\java.exe
0x00007ffa11870000 - 0x00007ffa11a87000 	C:\WINDOWS\SYSTEM32\ntdll.dll
0x00007ffa0fd30000 - 0x00007ffa0fdf4000 	C:\WINDOWS\System32\KERNEL32.DLL
0x00007ffa0eb60000 - 0x00007ffa0ef1a000 	C:\WINDOWS\System32\KERNELBASE.dll
0x00007ffa0f1e0000 - 0x00007ffa0f2f1000 	C:\WINDOWS\System32\ucrtbase.dll
0x00007ffa01b00000 - 0x00007ffa01b17000 	D:\programming\Unity Hub\2021.3.42f1\Editor\Data\PlaybackEngines\AndroidPlayer\OpenJDK\bin\jli.dll
0x00007ffa01ad0000 - 0x00007ffa01ae5000 	D:\programming\Unity Hub\2021.3.42f1\Editor\Data\PlaybackEngines\AndroidPlayer\OpenJDK\bin\VCRUNTIME140.dll
0x00007ffa106c0000 - 0x00007ffa1086e000 	C:\WINDOWS\System32\USER32.dll
0x00007ff9eb860000 - 0x00007ff9ebaf2000 	C:\WINDOWS\WinSxS\amd64_microsoft.windows.common-controls_6595b64144ccf1df_6.0.22621.4541_none_2710d1c57384c085\COMCTL32.dll
0x00007ffa0eb30000 - 0x00007ffa0eb56000 	C:\WINDOWS\System32\win32u.dll
0x00007ffa117d0000 - 0x00007ffa117f9000 	C:\WINDOWS\System32\GDI32.dll
0x00007ffa0fc80000 - 0x00007ffa0fd27000 	C:\WINDOWS\System32\msvcrt.dll
0x00007ffa0f380000 - 0x00007ffa0f49b000 	C:\WINDOWS\System32\gdi32full.dll
0x00007ffa0f140000 - 0x00007ffa0f1da000 	C:\WINDOWS\System32\msvcp_win.dll
0x00007ffa10630000 - 0x00007ffa10661000 	C:\WINDOWS\System32\IMM32.DLL
0x00007ff9e7f60000 - 0x00007ff9e7ffb000 	D:\programming\Unity Hub\2021.3.42f1\Editor\Data\PlaybackEngines\AndroidPlayer\OpenJDK\bin\msvcp140.dll
0x00007ff984740000 - 0x00007ff9852c1000 	D:\programming\Unity Hub\2021.3.42f1\Editor\Data\PlaybackEngines\AndroidPlayer\OpenJDK\bin\server\jvm.dll
0x00007ffa0fe00000 - 0x00007ffa0feb2000 	C:\WINDOWS\System32\ADVAPI32.dll
0x00007ffa0faa0000 - 0x00007ffa0fb47000 	C:\WINDOWS\System32\sechost.dll
0x00007ffa0f090000 - 0x00007ffa0f0b8000 	C:\WINDOWS\System32\bcrypt.dll
0x00007ffa116b0000 - 0x00007ffa117c4000 	C:\WINDOWS\System32\RPCRT4.dll
0x00007ffa0fb50000 - 0x00007ffa0fb58000 	C:\WINDOWS\System32\PSAPI.DLL
0x00007ff981940000 - 0x00007ff981949000 	C:\WINDOWS\SYSTEM32\WSOCK32.dll
0x00007ffa07ef0000 - 0x00007ffa07f24000 	C:\WINDOWS\SYSTEM32\WINMM.dll
0x00007ffa0f5d0000 - 0x00007ffa0f641000 	C:\WINDOWS\System32\WS2_32.dll
0x00007ffa074f0000 - 0x00007ffa074fa000 	C:\WINDOWS\SYSTEM32\VERSION.dll
0x00007ffa0dc60000 - 0x00007ffa0dc78000 	C:\WINDOWS\SYSTEM32\kernel.appcore.dll
0x00007ffa09d50000 - 0x00007ffa09d60000 	D:\programming\Unity Hub\2021.3.42f1\Editor\Data\PlaybackEngines\AndroidPlayer\OpenJDK\bin\verify.dll
0x00007ffa0c1a0000 - 0x00007ffa0c3d2000 	C:\WINDOWS\SYSTEM32\DBGHELP.DLL
0x00007ffa0f700000 - 0x00007ffa0fa91000 	C:\WINDOWS\System32\combase.dll
0x00007ffa0fec0000 - 0x00007ffa0ff97000 	C:\WINDOWS\System32\OLEAUT32.dll
0x00007ffa065f0000 - 0x00007ffa06622000 	C:\WINDOWS\SYSTEM32\dbgcore.DLL
0x00007ffa0f300000 - 0x00007ffa0f37b000 	C:\WINDOWS\System32\bcryptPrimitives.dll
0x00007ff9ec6b0000 - 0x00007ff9ec6d8000 	D:\programming\Unity Hub\2021.3.42f1\Editor\Data\PlaybackEngines\AndroidPlayer\OpenJDK\bin\java.dll
0x00007ffa09810000 - 0x00007ffa0981a000 	D:\programming\Unity Hub\2021.3.42f1\Editor\Data\PlaybackEngines\AndroidPlayer\OpenJDK\bin\jimage.dll
0x00007ff9f2710000 - 0x00007ff9f2728000 	D:\programming\Unity Hub\2021.3.42f1\Editor\Data\PlaybackEngines\AndroidPlayer\OpenJDK\bin\zip.dll

dbghelp: loaded successfully - version: 4.0.5 - missing functions: none
symbol engine: initialized successfully - sym options: 0x614 - pdb path: .;D:\programming\Unity Hub\2021.3.42f1\Editor\Data\PlaybackEngines\AndroidPlayer\OpenJDK\bin;C:\WINDOWS\SYSTEM32;C:\WINDOWS\WinSxS\amd64_microsoft.windows.common-controls_6595b64144ccf1df_6.0.22621.4541_none_2710d1c57384c085;D:\programming\Unity Hub\2021.3.42f1\Editor\Data\PlaybackEngines\AndroidPlayer\OpenJDK\bin\server

VM Arguments:
jvm_args: -Dcom.android.sdkmanager.toolsdir=D:\programming\Unity Hub\2021.3.42f1\Editor\Data\PlaybackEngines\AndroidPlayer\SDK\cmdline-tools\6.0\bin\\.. 
java_command: com.android.sdklib.tool.AvdManagerCli list target -c
java_class_path (initial): D:\programming\Unity Hub\2021.3.42f1\Editor\Data\PlaybackEngines\AndroidPlayer\SDK\cmdline-tools\6.0\bin\..\lib\avdmanager-classpath.jar
Launcher Type: SUN_STANDARD

[Global flags]
     intx CICompilerCount                          = 12                                        {product} {ergonomic}
     uint ConcGCThreads                            = 3                                         {product} {ergonomic}
     uint G1ConcRefinementThreads                  = 13                                        {product} {ergonomic}
   size_t G1HeapRegionSize                         = 2097152                                   {product} {ergonomic}
    uintx GCDrainStackTargetSize                   = 64                                        {product} {ergonomic}
   size_t InitialHeapSize                          = 534773760                                 {product} {ergonomic}
   size_t MarkStackSize                            = 4194304                                   {product} {ergonomic}
   size_t MaxHeapSize                              = 8554283008                                {product} {ergonomic}
   size_t MinHeapDeltaBytes                        = 2097152                                   {product} {ergonomic}
    uintx NonNMethodCodeHeapSize                   = 7594288                                {pd product} {ergonomic}
    uintx NonProfiledCodeHeapSize                  = 122031976                              {pd product} {ergonomic}
    uintx ProfiledCodeHeapSize                     = 122031976                              {pd product} {ergonomic}
    uintx ReservedCodeCacheSize                    = 251658240                              {pd product} {ergonomic}
     bool SegmentedCodeCache                       = true                                      {product} {ergonomic}
     bool UseCompressedClassPointers               = true                                 {lp64_product} {ergonomic}
     bool UseCompressedOops                        = true                                 {lp64_product} {ergonomic}
     bool UseG1GC                                  = true                                      {product} {ergonomic}
     bool UseLargePagesIndividualAllocation        = false                                  {pd product} {ergonomic}

Logging:
Log output configuration:
 #0: stdout all=warning uptime,level,tags
 #1: stderr all=off uptime,level,tags

Environment Variables:
JAVA_HOME=D:\programming\Unity Hub\2021.3.42f1\Editor\Data\PlaybackEngines\AndroidPlayer\OpenJDK
CLASSPATH=D:\programming\Unity Hub\2021.3.42f1\Editor\Data\PlaybackEngines\AndroidPlayer\SDK\cmdline-tools\6.0\bin\..\lib\avdmanager-classpath.jar
PATH=C:\Program Files\Java\jre1.8.0_421\bin;C:\Users\user\AppData\Local\Microsoft\WindowsApps;C:\Users\user\.dotnet\tools;C:\Users\user\AppData\Local\GitHubDesktop\bin;C:\Users\user\AppData\Local\Programs\Microsoft VS Code\bin
USERNAME=user
OS=Windows_NT
PROCESSOR_IDENTIFIER=Intel64 Family 6 Model 151 Stepping 2, GenuineIntel



---------------  S Y S T E M  ---------------

OS: Windows 11 , 64 bit Build 22621 (10.0.22621.4391)
OS uptime: 2 days 18:16 hours

CPU:total 16 (initial active 16) (8 cores per cpu, 2 threads per core) family 6 model 151 stepping 2 microcode 0x25, cmov, cx8, fxsr, mmx, sse, sse2, sse3, ssse3, sse4.1, sse4.2, popcnt, avx, avx2, aes, clmul, erms, 3dnowpref, lzcnt, ht, tsc, tscinvbit, bmi1, bmi2, adx, sha, fma

Memory: 4k page, system-wide physical 32627M (1060M free)
TotalPageFile size 87752M (AvailPageFile size 145M)
current process WorkingSet (physical memory assigned to process): 11M, peak: 11M
current process commit charge ("private bytes"): 71M, peak: 581M

vm_info: OpenJDK 64-Bit Server VM (11.0.14.1+1) for windows-amd64 JRE (11.0.14.1+1), built on Feb  9 2022 01:48:27 by "" with unknown MS VC++:1916

END.
